[2013-03-10 22:08:24] START
[2013-03-10 22:39:42] EDIT assignment/models/db.py: 20
[2013-03-10 22:39:42] EDIT assignment/models/db.py: 0
[2013-03-10 22:40:06] EDIT assignment/models/db.py: 0
[2013-03-10 22:40:07] EDIT assignment/models/db.py: 0
[2013-03-10 22:40:07] EDIT assignment/models/db.py: 0
[2013-03-10 22:40:07] EDIT assignment/models/db.py: 0
[2013-03-10 22:40:07] EDIT assignment/models/db.py: 0
[2013-03-10 22:40:08] EDIT assignment/models/db.py: 0
[2013-03-10 22:40:08] EDIT assignment/models/db.py: 0
[2013-03-10 22:40:08] EDIT assignment/models/db.py: 0
[2013-03-10 22:40:08] EDIT assignment/models/db.py: 0
[2013-03-10 22:40:09] EDIT assignment/models/db.py: 0
[2013-03-10 22:41:29] EDIT assignment/models/db.py: 0
[2013-03-10 22:42:04] EDIT assignment/models/db.py: 0
[2013-03-10 22:42:12] EDIT assignment/models/db.py: 0
[2013-03-10 22:42:30] EDIT assignment/models/db.py: 0
[2013-03-10 22:44:37] EDIT assignment/models/db.py: 0
[2013-03-10 22:44:40] EDIT assignment/models/db.py: 0
[2013-03-10 22:44:40] EDIT assignment/models/db.py: 0
[2013-03-10 22:44:40] EDIT assignment/models/db.py: 0
[2013-03-10 22:44:41] EDIT assignment/models/db.py: 0
[2013-03-10 22:45:38] EDIT assignment/models/db.py: 0
[2013-03-10 22:46:52] EDIT assignment/models/db.py: 0
[2013-03-10 22:46:53] EDIT assignment/models/db.py: 0
[2013-03-10 22:48:01] EDIT assignment/models/db.py: 1
[2013-03-10 22:50:55] EDIT assignment/models/db.py: 0
[2013-03-10 22:52:55] EDIT assignment/models/db.py: 0
[2013-03-10 22:52:56] EDIT assignment/models/db.py: 0
[2013-03-10 23:12:38] EDIT assignment/controllers/default.py: 6
[2013-03-10 23:18:40] EDIT assignment/controllers/default.py: 3
[2013-03-10 23:22:59] EDIT assignment/models/db.py: 0
[2013-03-10 23:23:00] EDIT assignment/models/db.py: 0
[2013-03-10 23:41:46] EDIT assignment/controllers/default.py: 6
[2013-03-10 23:42:02] EDIT assignment/controllers/default.py: 0
[2013-03-10 23:42:03] EDIT assignment/controllers/default.py: 0
[2013-03-10 23:42:04] EDIT assignment/controllers/default.py: 0
[2013-03-10 23:42:04] EDIT assignment/controllers/default.py: 0
[2013-03-10 23:43:45] EDIT assignment/controllers/default.py: 0
[2013-03-10 23:44:44] CREATE amit_1.html: 0
[2013-03-10 23:45:17] EDIT assignment/views/amit_1.html: 0
[2013-03-10 23:51:25] CREATE amit_2.html: 0
[2013-03-10 23:51:38] EDIT assignment/views/amit_2.html: 0
[2013-03-10 23:51:40] EDIT assignment/views/amit_2.html: 0
[2013-03-10 23:51:52] CREATE amit_3.html: 0
[2013-03-10 23:52:03] EDIT assignment/views/amit_3.html: 0
[2013-03-10 23:52:29] CREATE amit_4.html: 0
[2013-03-10 23:52:37] EDIT assignment/views/amit_4.html: 0
[2013-03-10 23:52:59] CREATE amit_5.html: 0
[2013-03-10 23:53:11] EDIT assignment/views/amit_5.html: 0
[2013-03-10 23:53:12] EDIT assignment/views/amit_5.html: 0
[2013-03-11 00:00:32] EDIT assignment/controllers/default.py: 1
[2013-03-11 00:00:32] EDIT assignment/controllers/default.py: 0
[2013-03-11 00:00:32] EDIT assignment/controllers/default.py: 0
[2013-03-11 00:00:32] EDIT assignment/controllers/default.py: 0
[2013-03-11 00:00:43] EDIT assignment/controllers/default.py: 0
[2013-03-11 00:00:43] EDIT assignment/controllers/default.py: 0
[2013-03-11 00:00:43] EDIT assignment/controllers/default.py: 0
[2013-03-11 00:07:58] EDIT assignment/controllers/default.py: 0
[2013-03-11 00:16:36] EDIT assignment/controllers/default.py: 0
